[1763240031.745][INFO]: Starting ChromeDriver 142.0.7444.134 (b6965f826881a60c51151cfc0a0175966a0a4e81-refs/branch-heads/7444@{#2370}) on port 33303
[1763240031.745][INFO]: Please see https://chromedriver.chromium.org/security-considerations for suggestions on keeping ChromeDriver safe.
[1763240031.747][SEVERE]: bind() failed: Cannot assign requested address (99)
[1763240031.747][INFO]: listen on IPv6 failed with error ERR_ADDRESS_INVALID
[1763240031.747][INFO]: ChromeDriver was started successfully on port 33303
[1763240032.758][INFO]: [524e04c74b819383d60beaf8c526d544] COMMAND InitSession {
   "capabilities": {
      "alwaysMatch": {
         "browserName": "chrome",
         "browserVersion": null,
         "goog:chromeOptions": {
            "args": [ "--headless", "--no-sandbox", "--disable-dev-shm-usage", "--disable-gpu" ],
            "binary": "/usr/bin/chromium",
            "extensions": [  ]
         },
         "pageLoadStrategy": "normal"
      },
      "firstMatch": [ {
      } ]
   }
}
[1763240032.758][INFO]: Populating Preferences file: {
   "alternate_error_pages": {
      "enabled": false
   },
   "autofill": {
      "enabled": false
   },
   "browser": {
      "check_default_browser": false
   },
   "distribution": {
      "import_bookmarks": false,
      "import_history": false,
      "import_search_engine": false,
      "make_chrome_default_for_user": false,
      "skip_first_run_ui": true
   },
   "dns_prefetching": {
      "enabled": false
   },
   "profile": {
      "content_settings": {
         "pattern_pairs": {
            "https://*,*": {
               "media-stream": {
                  "audio": "Default",
                  "video": "Default"
               }
            }
         }
      },
      "default_content_setting_values": {
         "geolocation": 1
      },
      "default_content_settings": {
         "geolocation": 1,
         "mouselock": 1,
         "notifications": 1,
         "popups": 1,
         "ppapi-broker": 1
      },
      "password_manager_enabled": false
   },
   "safebrowsing": {
      "enabled": false
   },
   "search": {
      "suggest_enabled": false
   },
   "translate": {
      "enabled": false
   }
}
[1763240032.758][INFO]: Populating Local State file: {
   "background_mode": {
      "enabled": false
   },
   "ssl": {
      "rev_checking": {
         "enabled": false
      }
   }
}
[1763240032.758][INFO]: ChromeDriver supports communication with Chrome via pipes. This is more reliable and more secure.
[1763240032.758][INFO]: Use the --remote-debugging-pipe Chrome switch instead of the default --remote-debugging-port to enable this communication mode.
[1763240032.758][INFO]: Launching chrome: /usr/bin/chromium --allow-pre-commit-input --disable-background-networking --disable-client-side-phishing-detection --disable-default-apps --disable-dev-shm-usage --disable-features=IgnoreDuplicateNavs,Prewarm --disable-gpu --disable-hang-monitor --disable-popup-blocking --disable-prompt-on-repost --disable-sync --enable-automation --enable-logging=stderr --headless --log-level=0 --no-first-run --no-sandbox --no-service-autorun --password-store=basic --remote-debugging-port=0 --test-type=webdriver --use-mock-keychain --user-data-dir=/tmp/.org.chromium.Chromium.scoped_dir.Ll22KV data:,
[98650:98650:1115/175352.803992:WARNING:chrome/browser/signin/account_consistency_mode_manager.cc:74] Desktop Identity Consistency cannot be enabled as no OAuth client ID and client secret have been configured.

DevTools listening on ws://127.0.0.1:35699/devtools/browser/2cb9b0f8-7baa-487e-8ee6-f97cc51124c3
[98678:98678:1115/175352.848156:WARNING:sandbox/policy/linux/sandbox_linux.cc:404] InitializeSandbox() called with multiple threads in process gpu-process.
[98650:98650:1115/175352.851681:WARNING:ui/base/idle/idle_linux.cc:98] None of the known D-Bus ScreenSaver services could be used.
[1763240032.860][DEBUG]: DevTools HTTP Request: http://localhost:35699/json/version
[1763240033.162][DEBUG]: DevTools HTTP Response: {
   "Browser": "Chrome/142.0.7444.134",
   "Protocol-Version": "1.3",
   "User-Agent": "Mozilla/5.0 (X11; Linux x86_64) AppleWebKit/537.36 (KHTML, like Gecko) HeadlessChrome/142.0.0.0 Safari/537.36",
   "V8-Version": "14.2.231.17",
   "WebKit-Version": "537.36 (@b6965f826881a60c51151cfc0a0175966a0a4e81)",
   "webSocketDebuggerUrl": "ws://localhost:35699/devtools/browser/2cb9b0f8-7baa-487e-8ee6-f97cc51124c3"
}

[1763240033.162][DEBUG]: DevTools HTTP Request: http://localhost:35699/json/list
[1763240033.163][DEBUG]: DevTools HTTP Response: [ {
   "description": "",
   "devtoolsFrontendUrl": "https://chrome-devtools-frontend.appspot.com/serve_rev/@b6965f826881a60c51151cfc0a0175966a0a4e81/inspector.html?ws=localhost:35699/devtools/page/BD99ED4C841B7BB8EAE36F6860C457CA",
   "id": "BD99ED4C841B7BB8EAE36F6860C457CA",
   "title": "data:,",
   "type": "page",
   "url": "data:,",
   "webSocketDebuggerUrl": "ws://localhost:35699/devtools/page/BD99ED4C841B7BB8EAE36F6860C457CA"
} ]

[1763240033.164][INFO]: resolved localhost to ["127.0.0.1","::1"]
[1763240033.164][DEBUG]: DevTools WebSocket Command: Target.getTargets (id=1) (session_id=) browser {
   "filter": [ {
      "exclude": true,
      "type": "browser"
   }, {
      "exclude": true,
      "type": "page"
   }, {
      "exclude": false
   } ]
}
[1763240033.164][DEBUG]: DevTools WebSocket Response: Target.getTargets (id=1) (session_id=) browser {
   "targetInfos": [ {
      "attached": false,
      "browserContextId": "BF5ABD0C260EB61A4687F74302A96993",
      "canAccessOpener": false,
      "targetId": "5C92A6F908C07FDD95EA3399F25DD89C",
      "title": "data:,",
      "type": "tab",
      "url": "data:,"
   } ]
}
[1763240033.164][DEBUG]: DevTools WebSocket Command: Target.attachToTarget (id=2) (session_id=) browser {
   "flatten": true,
   "targetId": "5C92A6F908C07FDD95EA3399F25DD89C"
}
[1763240033.164][DEBUG]: DevTools WebSocket Event: Target.attachedToTarget (session_id=) browser {
   "sessionId": "49F69DE829CE7BFCFD861EF65FD0BB14",
   "targetInfo": {
      "attached": true,
      "browserContextId": "BF5ABD0C260EB61A4687F74302A96993",
      "canAccessOpener": false,
      "targetId": "5C92A6F908C07FDD95EA3399F25DD89C",
      "title": "data:,",
      "type": "tab",
      "url": "data:,"
   },
   "waitingForDebugger": false
}
[1763240033.164][DEBUG]: DevTools WebSocket Response: Target.attachToTarget (id=2) (session_id=) browser {
   "sessionId": "49F69DE829CE7BFCFD861EF65FD0BB14"
}
[1763240033.164][DEBUG]: DevTools WebSocket Command: Target.setAutoAttach (id=3) (session_id=49F69DE829CE7BFCFD861EF65FD0BB14) 5C92A6F908C07FDD95EA3399F25DD89C {
   "autoAttach": true,
   "flatten": true,
   "waitForDebuggerOnStart": false
}
[1763240033.164][DEBUG]: DevTools WebSocket Event: Target.attachedToTarget (session_id=49F69DE829CE7BFCFD861EF65FD0BB14) 5C92A6F908C07FDD95EA3399F25DD89C {
   "sessionId": "5E92FCB4746FB1A502AF5CDE7F1F636C",
   "targetInfo": {
      "attached": true,
      "browserContextId": "BF5ABD0C260EB61A4687F74302A96993",
      "canAccessOpener": false,
      "targetId": "BD99ED4C841B7BB8EAE36F6860C457CA",
      "title": "data:,",
      "type": "page",
      "url": "data:,"
   },
   "waitingForDebugger": false
}
[1763240033.164][DEBUG]: DevTools WebSocket Command: Page.enable (id=4) (session_id=5E92FCB4746FB1A502AF5CDE7F1F636C) BD99ED4C841B7BB8EAE36F6860C457CA {
}
[1763240033.164][DEBUG]: DevTools WebSocket Command: Page.addScriptToEvaluateOnNewDocument (id=5) (session_id=5E92FCB4746FB1A502AF5CDE7F1F636C) BD99ED4C841B7BB8EAE36F6860C457CA {
   "source": "(function () {window.cdc_adoQpoasnfa76pfcZLmcfl_Array = window.Array;window.cdc_adoQpoasnfa76pfcZLmcfl_Object = window.Object;window.cdc_adoQpoasnfa76pfcZLmcfl_Promise = window.Promise;window.cdc_a..."
}
[1763240033.164][DEBUG]: DevTools WebSocket Command: Runtime.evaluate (id=6) (session_id=5E92FCB4746FB1A502AF5CDE7F1F636C) BD99ED4C841B7BB8EAE36F6860C457CA {
   "expression": "(function () {window.cdc_adoQpoasnfa76pfcZLmcfl_Array = window.Array;window.cdc_adoQpoasnfa76pfcZLmcfl_Object = window.Object;window.cdc_adoQpoasnfa76pfcZLmcfl_Promise = window.Promise;window.cdc_a..."
}
[1763240033.164][DEBUG]: DevTools WebSocket Command: Log.enable (id=7) (session_id=5E92FCB4746FB1A502AF5CDE7F1F636C) BD99ED4C841B7BB8EAE36F6860C457CA {
}
[1763240033.164][DEBUG]: DevTools WebSocket Command: Target.setAutoAttach (id=8) (session_id=5E92FCB4746FB1A502AF5CDE7F1F636C) BD99ED4C841B7BB8EAE36F6860C457CA {
   "autoAttach": true,
   "flatten": true,
   "waitForDebuggerOnStart": false
}
[1763240033.164][DEBUG]: DevTools WebSocket Response: Target.setAutoAttach (id=3) (session_id=49F69DE829CE7BFCFD861EF65FD0BB14) 5C92A6F908C07FDD95EA3399F25DD89C {
}
[1763240033.165][DEBUG]: DevTools WebSocket Response: Page.enable (id=4) (session_id=5E92FCB4746FB1A502AF5CDE7F1F636C) BD99ED4C841B7BB8EAE36F6860C457CA {
}
[1763240033.165][DEBUG]: DevTools WebSocket Response: Page.addScriptToEvaluateOnNewDocument (id=5) (session_id=5E92FCB4746FB1A502AF5CDE7F1F636C) BD99ED4C841B7BB8EAE36F6860C457CA {
   "identifier": "1"
}
[1763240033.165][DEBUG]: DevTools WebSocket Response: Runtime.evaluate (id=6) (session_id=5E92FCB4746FB1A502AF5CDE7F1F636C) BD99ED4C841B7BB8EAE36F6860C457CA {
   "result": {
      "type": "undefined"
   }
}
[1763240033.165][DEBUG]: DevTools WebSocket Response: Log.enable (id=7) (session_id=5E92FCB4746FB1A502AF5CDE7F1F636C) BD99ED4C841B7BB8EAE36F6860C457CA {
}
[1763240033.165][DEBUG]: DevTools WebSocket Response: Target.setAutoAttach (id=8) (session_id=5E92FCB4746FB1A502AF5CDE7F1F636C) BD99ED4C841B7BB8EAE36F6860C457CA {
}
[1763240033.165][DEBUG]: DevTools WebSocket Command: Runtime.enable (id=9) (session_id=5E92FCB4746FB1A502AF5CDE7F1F636C) BD99ED4C841B7BB8EAE36F6860C457CA {
}
[1763240033.165][DEBUG]: DevTools WebSocket Event: Runtime.executionContextCreated (session_id=5E92FCB4746FB1A502AF5CDE7F1F636C) BD99ED4C841B7BB8EAE36F6860C457CA {
   "context": {
      "auxData": {
         "frameId": "BD99ED4C841B7BB8EAE36F6860C457CA",
         "isDefault": true,
         "type": "default"
      },
      "id": 1,
      "name": "",
      "origin": "://",
      "uniqueId": "1957214591891311451.4576389058794019738"
   }
}
[1763240033.165][DEBUG]: DevTools WebSocket Response: Runtime.enable (id=9) (session_id=5E92FCB4746FB1A502AF5CDE7F1F636C) BD99ED4C841B7BB8EAE36F6860C457CA {
}
[1763240033.165][DEBUG]: DevTools WebSocket Command: Runtime.enable (id=10) (session_id=5E92FCB4746FB1A502AF5CDE7F1F636C) BD99ED4C841B7BB8EAE36F6860C457CA {
}
[1763240033.166][DEBUG]: DevTools WebSocket Response: Runtime.enable (id=10) (session_id=5E92FCB4746FB1A502AF5CDE7F1F636C) BD99ED4C841B7BB8EAE36F6860C457CA {
}
[1763240033.166][INFO]: [524e04c74b819383d60beaf8c526d544] RESPONSE InitSession {
   "capabilities": {
      "acceptInsecureCerts": false,
      "browserName": "chrome",
      "browserVersion": "142.0.7444.134",
      "chrome": {
         "chromedriverVersion": "142.0.7444.134 (b6965f826881a60c51151cfc0a0175966a0a4e81-refs/branch-heads/7444@{#2370})",
         "userDataDir": "/tmp/.org.chromium.Chromium.scoped_dir.Ll22KV"
      },
      "fedcm:accounts": true,
      "goog:chromeOptions": {
         "debuggerAddress": "localhost:35699"
      },
      "goog:processID": 98650,
      "networkConnectionEnabled": false,
      "pageLoadStrategy": "normal",
      "platformName": "linux",
      "proxy": {
      },
      "setWindowRect": true,
      "strictFileInteractability": false,
      "timeouts": {
         "implicit": 0,
         "pageLoad": 300000,
         "script": 30000
      },
      "unhandledPromptBehavior": "dismiss and notify",
      "webauthn:extension:credBlob": true,
      "webauthn:extension:largeBlob": true,
      "webauthn:extension:minPinLength": true,
      "webauthn:extension:prf": true,
      "~~~": "..."
   },
   "sessionId": "524e04c74b819383d60beaf8c526d544"
}
[1763240033.166][INFO]: [524e04c74b819383d60beaf8c526d544] COMMAND Quit {
}
[1763240033.217][INFO]: [524e04c74b819383d60beaf8c526d544] RESPONSE Quit
[1763240033.217][DEBUG]: Log type 'driver' lost 0 entries on destruction
[1763240033.217][DEBUG]: Log type 'browser' lost 0 entries on destruction
